<?xml version="1.0" encoding="UTF-8"?>
<coverage generated="1682029914236" clover="3.2.0">
  <project timestamp="1682029914236" name="All files">
    <metrics statements="78" coveredstatements="70" conditionals="26" coveredconditionals="19" methods="37" coveredmethods="30" elements="141" coveredelements="119" complexity="0" loc="78" ncloc="78" packages="2" files="6" classes="6"/>
    <package name="components">
      <metrics statements="42" coveredstatements="39" conditionals="24" coveredconditionals="19" methods="21" coveredmethods="18"/>
      <file name="Booklist.js" path="/Users/tian/Desktop/Antra/unit-test-searchbook/src/components/Booklist.js">
        <metrics statements="5" coveredstatements="5" conditionals="16" coveredconditionals="13" methods="3" coveredmethods="3"/>
        <line num="3" count="5" type="cond" truecount="0" falsecount="1"/>
        <line num="4" count="29" type="stmt"/>
        <line num="15" count="172" type="stmt"/>
        <line num="16" count="172" type="stmt"/>
        <line num="17" count="3" type="stmt"/>
      </file>
      <file name="Layout.js" path="/Users/tian/Desktop/Antra/unit-test-searchbook/src/components/Layout.js">
        <metrics statements="2" coveredstatements="2" conditionals="0" coveredconditionals="0" methods="1" coveredmethods="1"/>
        <line num="7" count="1" type="stmt"/>
        <line num="8" count="2" type="stmt"/>
      </file>
      <file name="Search.js" path="/Users/tian/Desktop/Antra/unit-test-searchbook/src/components/Search.js">
        <metrics statements="29" coveredstatements="26" conditionals="8" coveredconditionals="6" methods="14" coveredmethods="11"/>
        <line num="16" count="3" type="stmt"/>
        <line num="17" count="47" type="stmt"/>
        <line num="18" count="47" type="stmt"/>
        <line num="19" count="47" type="stmt"/>
        <line num="20" count="47" type="stmt"/>
        <line num="21" count="28" type="stmt"/>
        <line num="22" count="47" type="stmt"/>
        <line num="27" count="28" type="stmt"/>
        <line num="30" count="28" type="stmt"/>
        <line num="32" count="28" type="stmt"/>
        <line num="34" count="0" type="stmt"/>
        <line num="35" count="0" type="stmt"/>
        <line num="40" count="28" type="stmt"/>
        <line num="41" count="11" type="cond" truecount="2" falsecount="0"/>
        <line num="42" count="6" type="stmt"/>
        <line num="43" count="6" type="stmt"/>
        <line num="47" count="28" type="stmt"/>
        <line num="48" count="3" type="stmt"/>
        <line num="50" count="28" type="stmt"/>
        <line num="51" count="5" type="stmt"/>
        <line num="53" count="28" type="stmt"/>
        <line num="54" count="0" type="stmt"/>
        <line num="57" count="28" type="stmt"/>
        <line num="58" count="1" type="cond" truecount="1" falsecount="1"/>
        <line num="59" count="1" type="stmt"/>
        <line num="61" count="28" type="stmt"/>
        <line num="62" count="2" type="cond" truecount="1" falsecount="1"/>
        <line num="63" count="2" type="stmt"/>
        <line num="65" count="28" type="stmt"/>
      </file>
      <file name="Wishlist.js" path="/Users/tian/Desktop/Antra/unit-test-searchbook/src/components/Wishlist.js">
        <metrics statements="6" coveredstatements="6" conditionals="0" coveredconditionals="0" methods="3" coveredmethods="3"/>
        <line num="6" count="2" type="stmt"/>
        <line num="7" count="11" type="stmt"/>
        <line num="8" count="8" type="stmt"/>
        <line num="9" count="8" type="stmt"/>
        <line num="10" count="3" type="stmt"/>
        <line num="12" count="8" type="stmt"/>
      </file>
    </package>
    <package name="redux.slices">
      <metrics statements="36" coveredstatements="31" conditionals="2" coveredconditionals="0" methods="16" coveredmethods="12"/>
      <file name="searchSlice.js" path="/Users/tian/Desktop/Antra/unit-test-searchbook/src/redux/slices/searchSlice.js">
        <metrics statements="29" coveredstatements="27" conditionals="0" coveredconditionals="0" methods="12" coveredmethods="10"/>
        <line num="3" count="4" type="stmt"/>
        <line num="7" count="5" type="stmt"/>
        <line num="8" count="5" type="stmt"/>
        <line num="9" count="5" type="stmt"/>
        <line num="11" count="5" type="stmt"/>
        <line num="12" count="5" type="stmt"/>
        <line num="13" count="5" type="stmt"/>
        <line num="17" count="4" type="stmt"/>
        <line num="21" count="3" type="stmt"/>
        <line num="22" count="3" type="stmt"/>
        <line num="23" count="3" type="stmt"/>
        <line num="25" count="3" type="stmt"/>
        <line num="26" count="3" type="stmt"/>
        <line num="30" count="4" type="stmt"/>
        <line num="42" count="3" type="stmt"/>
        <line num="46" count="4" type="stmt"/>
        <line num="48" count="5" type="stmt"/>
        <line num="51" count="5" type="stmt"/>
        <line num="52" count="5" type="stmt"/>
        <line num="53" count="5" type="stmt"/>
        <line num="54" count="5" type="stmt"/>
        <line num="57" count="0" type="stmt"/>
        <line num="60" count="3" type="stmt"/>
        <line num="63" count="3" type="stmt"/>
        <line num="64" count="3" type="stmt"/>
        <line num="65" count="3" type="stmt"/>
        <line num="66" count="3" type="stmt"/>
        <line num="69" count="0" type="stmt"/>
        <line num="74" count="4" type="stmt"/>
      </file>
      <file name="wishlistSlice.js" path="/Users/tian/Desktop/Antra/unit-test-searchbook/src/redux/slices/wishlistSlice.js">
        <metrics statements="7" coveredstatements="4" conditionals="2" coveredconditionals="0" methods="4" coveredmethods="2"/>
        <line num="3" count="4" type="stmt"/>
        <line num="10" count="0" type="stmt"/>
        <line num="11" count="0" type="cond" truecount="0" falsecount="2"/>
        <line num="12" count="0" type="stmt"/>
        <line num="16" count="3" type="stmt"/>
        <line num="17" count="5" type="stmt"/>
        <line num="23" count="4" type="stmt"/>
      </file>
    </package>
  </project>
</coverage>
