{"/Users/tian/Desktop/Antra/unit-test-searchbook/src/components/Booklist.js": {"path":"/Users/tian/Desktop/Antra/unit-test-searchbook/src/components/Booklist.js","statementMap":{"0":{"start":{"line":3,"column":17},"end":{"line":34,"column":1}},"1":{"start":{"line":4,"column":4},"end":{"line":33,"column":6}},"2":{"start":{"line":15,"column":24},"end":{"line":15,"column":39}},"3":{"start":{"line":16,"column":20},"end":{"line":28,"column":22}},"4":{"start":{"line":17,"column":76},"end":{"line":17,"column":93}}},"fnMap":{"0":{"name":"(anonymous_0)","decl":{"start":{"line":3,"column":17},"end":{"line":3,"column":18}},"loc":{"start":{"line":3,"column":101},"end":{"line":34,"column":1}},"line":3},"1":{"name":"(anonymous_1)","decl":{"start":{"line":8,"column":74},"end":{"line":8,"column":75}},"loc":{"start":{"line":8,"column":84},"end":{"line":29,"column":17}},"line":8},"2":{"name":"(anonymous_2)","decl":{"start":{"line":17,"column":73},"end":{"line":17,"column":74}},"loc":{"start":{"line":17,"column":76},"end":{"line":17,"column":93}},"line":17}},"branchMap":{"0":{"loc":{"start":{"line":3,"column":20},"end":{"line":3,"column":29}},"type":"default-arg","locations":[{"start":{"line":3,"column":27},"end":{"line":3,"column":29}}],"line":3},"1":{"loc":{"start":{"line":8,"column":17},"end":{"line":29,"column":18}},"type":"cond-expr","locations":[{"start":{"line":8,"column":37},"end":{"line":8,"column":62}},{"start":{"line":8,"column":65},"end":{"line":29,"column":18}}],"line":8},"2":{"loc":{"start":{"line":14,"column":36},"end":{"line":14,"column":52}},"type":"default-arg","locations":[{"start":{"line":14,"column":50},"end":{"line":14,"column":52}}],"line":14},"3":{"loc":{"start":{"line":19,"column":40},"end":{"line":19,"column":58}},"type":"binary-expr","locations":[{"start":{"line":19,"column":40},"end":{"line":19,"column":45}},{"start":{"line":19,"column":47},"end":{"line":19,"column":58}}],"line":19},"4":{"loc":{"start":{"line":19,"column":65},"end":{"line":19,"column":78}},"type":"binary-expr","locations":[{"start":{"line":19,"column":65},"end":{"line":19,"column":74}},{"start":{"line":19,"column":76},"end":{"line":19,"column":78}}],"line":19},"5":{"loc":{"start":{"line":22,"column":68},"end":{"line":22,"column":80}},"type":"binary-expr","locations":[{"start":{"line":22,"column":68},"end":{"line":22,"column":73}},{"start":{"line":22,"column":75},"end":{"line":22,"column":80}}],"line":22},"6":{"loc":{"start":{"line":23,"column":69},"end":{"line":23,"column":82}},"type":"binary-expr","locations":[{"start":{"line":23,"column":69},"end":{"line":23,"column":75}},{"start":{"line":23,"column":77},"end":{"line":23,"column":82}}],"line":23},"7":{"loc":{"start":{"line":24,"column":72},"end":{"line":24,"column":88}},"type":"binary-expr","locations":[{"start":{"line":24,"column":72},"end":{"line":24,"column":81}},{"start":{"line":24,"column":83},"end":{"line":24,"column":88}}],"line":24},"8":{"loc":{"start":{"line":25,"column":74},"end":{"line":25,"column":92}},"type":"binary-expr","locations":[{"start":{"line":25,"column":74},"end":{"line":25,"column":85}},{"start":{"line":25,"column":87},"end":{"line":25,"column":92}}],"line":25}},"s":{"0":5,"1":29,"2":172,"3":172,"4":3},"f":{"0":29,"1":172,"2":3},"b":{"0":[0],"1":[15,14],"2":[168],"3":[172,0],"4":[172,168],"5":[172,0],"6":[172,172],"7":[172,168],"8":[172,168]},"_coverageSchema":"1a1c01bbd47fc00a2c39e90264f33305004495a9","hash":"202fc2aa5689dcb4e261ff62705b4bf8fd90017e"}
,"/Users/tian/Desktop/Antra/unit-test-searchbook/src/components/Layout.js": {"path":"/Users/tian/Desktop/Antra/unit-test-searchbook/src/components/Layout.js","statementMap":{"0":{"start":{"line":7,"column":15},"end":{"line":21,"column":1}},"1":{"start":{"line":8,"column":4},"end":{"line":20,"column":6}}},"fnMap":{"0":{"name":"(anonymous_0)","decl":{"start":{"line":7,"column":15},"end":{"line":7,"column":16}},"loc":{"start":{"line":7,"column":21},"end":{"line":21,"column":1}},"line":7}},"branchMap":{},"s":{"0":1,"1":2},"f":{"0":2},"b":{},"_coverageSchema":"1a1c01bbd47fc00a2c39e90264f33305004495a9","hash":"3576b8ac07bb6100d09c784368f717d4d8cc24db"}
,"/Users/tian/Desktop/Antra/unit-test-searchbook/src/components/Search.js": {"path":"/Users/tian/Desktop/Antra/unit-test-searchbook/src/components/Search.js","statementMap":{"0":{"start":{"line":16,"column":15},"end":{"line":85,"column":1}},"1":{"start":{"line":17,"column":20},"end":{"line":17,"column":69}},"2":{"start":{"line":17,"column":43},"end":{"line":17,"column":68}},"3":{"start":{"line":18,"column":22},"end":{"line":18,"column":73}},"4":{"start":{"line":18,"column":45},"end":{"line":18,"column":72}},"5":{"start":{"line":19,"column":24},"end":{"line":19,"column":77}},"6":{"start":{"line":19,"column":47},"end":{"line":19,"column":76}},"7":{"start":{"line":20,"column":23},"end":{"line":20,"column":75}},"8":{"start":{"line":20,"column":46},"end":{"line":20,"column":74}},"9":{"start":{"line":21,"column":21},"end":{"line":21,"column":34}},"10":{"start":{"line":22,"column":17},"end":{"line":22,"column":63}},"11":{"start":{"line":22,"column":40},"end":{"line":22,"column":62}},"12":{"start":{"line":27,"column":16},"end":{"line":29,"column":5}},"13":{"start":{"line":30,"column":4},"end":{"line":30,"column":18}},"14":{"start":{"line":32,"column":40},"end":{"line":38,"column":5}},"15":{"start":{"line":34,"column":16},"end":{"line":34,"column":58}},"16":{"start":{"line":35,"column":16},"end":{"line":35,"column":39}},"17":{"start":{"line":40,"column":4},"end":{"line":45,"column":47}},"18":{"start":{"line":41,"column":8},"end":{"line":41,"column":40}},"19":{"start":{"line":41,"column":34},"end":{"line":41,"column":40}},"20":{"start":{"line":42,"column":8},"end":{"line":42,"column":58}},"21":{"start":{"line":43,"column":8},"end":{"line":43,"column":38}},"22":{"start":{"line":47,"column":25},"end":{"line":49,"column":5}},"23":{"start":{"line":48,"column":8},"end":{"line":48,"column":45}},"24":{"start":{"line":50,"column":25},"end":{"line":52,"column":5}},"25":{"start":{"line":51,"column":8},"end":{"line":51,"column":31}},"26":{"start":{"line":53,"column":28},"end":{"line":55,"column":5}},"27":{"start":{"line":54,"column":8},"end":{"line":54,"column":32}},"28":{"start":{"line":57,"column":28},"end":{"line":60,"column":5}},"29":{"start":{"line":58,"column":8},"end":{"line":58,"column":37}},"30":{"start":{"line":58,"column":30},"end":{"line":58,"column":37}},"31":{"start":{"line":59,"column":8},"end":{"line":59,"column":46}},"32":{"start":{"line":61,"column":28},"end":{"line":64,"column":5}},"33":{"start":{"line":62,"column":8},"end":{"line":62,"column":46}},"34":{"start":{"line":62,"column":39},"end":{"line":62,"column":46}},"35":{"start":{"line":63,"column":8},"end":{"line":63,"column":46}},"36":{"start":{"line":65,"column":4},"end":{"line":84,"column":6}}},"fnMap":{"0":{"name":"(anonymous_0)","decl":{"start":{"line":16,"column":15},"end":{"line":16,"column":16}},"loc":{"start":{"line":16,"column":21},"end":{"line":85,"column":1}},"line":16},"1":{"name":"(anonymous_1)","decl":{"start":{"line":17,"column":32},"end":{"line":17,"column":33}},"loc":{"start":{"line":17,"column":43},"end":{"line":17,"column":68}},"line":17},"2":{"name":"(anonymous_2)","decl":{"start":{"line":18,"column":34},"end":{"line":18,"column":35}},"loc":{"start":{"line":18,"column":45},"end":{"line":18,"column":72}},"line":18},"3":{"name":"(anonymous_3)","decl":{"start":{"line":19,"column":36},"end":{"line":19,"column":37}},"loc":{"start":{"line":19,"column":47},"end":{"line":19,"column":76}},"line":19},"4":{"name":"(anonymous_4)","decl":{"start":{"line":20,"column":35},"end":{"line":20,"column":36}},"loc":{"start":{"line":20,"column":46},"end":{"line":20,"column":74}},"line":20},"5":{"name":"(anonymous_5)","decl":{"start":{"line":22,"column":29},"end":{"line":22,"column":30}},"loc":{"start":{"line":22,"column":40},"end":{"line":22,"column":62}},"line":22},"6":{"name":"(anonymous_6)","decl":{"start":{"line":27,"column":16},"end":{"line":27,"column":17}},"loc":{"start":{"line":27,"column":22},"end":{"line":29,"column":5}},"line":27},"7":{"name":"(anonymous_7)","decl":{"start":{"line":33,"column":21},"end":{"line":33,"column":22}},"loc":{"start":{"line":33,"column":27},"end":{"line":36,"column":13}},"line":33},"8":{"name":"(anonymous_8)","decl":{"start":{"line":40,"column":14},"end":{"line":40,"column":15}},"loc":{"start":{"line":40,"column":20},"end":{"line":45,"column":5}},"line":40},"9":{"name":"(anonymous_9)","decl":{"start":{"line":47,"column":25},"end":{"line":47,"column":26}},"loc":{"start":{"line":47,"column":32},"end":{"line":49,"column":5}},"line":47},"10":{"name":"(anonymous_10)","decl":{"start":{"line":50,"column":25},"end":{"line":50,"column":26}},"loc":{"start":{"line":50,"column":31},"end":{"line":52,"column":5}},"line":50},"11":{"name":"(anonymous_11)","decl":{"start":{"line":53,"column":28},"end":{"line":53,"column":29}},"loc":{"start":{"line":53,"column":38},"end":{"line":55,"column":5}},"line":53},"12":{"name":"(anonymous_12)","decl":{"start":{"line":57,"column":28},"end":{"line":57,"column":29}},"loc":{"start":{"line":57,"column":34},"end":{"line":60,"column":5}},"line":57},"13":{"name":"(anonymous_13)","decl":{"start":{"line":61,"column":28},"end":{"line":61,"column":29}},"loc":{"start":{"line":61,"column":34},"end":{"line":64,"column":5}},"line":61}},"branchMap":{"0":{"loc":{"start":{"line":41,"column":8},"end":{"line":41,"column":40}},"type":"if","locations":[{"start":{"line":41,"column":8},"end":{"line":41,"column":40}},{"start":{},"end":{}}],"line":41},"1":{"loc":{"start":{"line":58,"column":8},"end":{"line":58,"column":37}},"type":"if","locations":[{"start":{"line":58,"column":8},"end":{"line":58,"column":37}},{"start":{},"end":{}}],"line":58},"2":{"loc":{"start":{"line":62,"column":8},"end":{"line":62,"column":46}},"type":"if","locations":[{"start":{"line":62,"column":8},"end":{"line":62,"column":46}},{"start":{},"end":{}}],"line":62},"3":{"loc":{"start":{"line":71,"column":13},"end":{"line":82,"column":13}},"type":"cond-expr","locations":[{"start":{"line":72,"column":16},"end":{"line":72,"column":69}},{"start":{"line":74,"column":16},"end":{"line":81,"column":18}}],"line":71}},"s":{"0":3,"1":28,"2":47,"3":28,"4":47,"5":28,"6":47,"7":28,"8":47,"9":28,"10":28,"11":47,"12":28,"13":28,"14":28,"15":0,"16":0,"17":28,"18":11,"19":5,"20":6,"21":6,"22":28,"23":3,"24":28,"25":5,"26":28,"27":0,"28":28,"29":1,"30":0,"31":1,"32":28,"33":2,"34":0,"35":2,"36":28},"f":{"0":28,"1":47,"2":47,"3":47,"4":47,"5":47,"6":0,"7":0,"8":11,"9":3,"10":5,"11":0,"12":1,"13":2},"b":{"0":[5,6],"1":[0,1],"2":[0,2],"3":[8,20]},"_coverageSchema":"1a1c01bbd47fc00a2c39e90264f33305004495a9","hash":"2d5c9385fa38435a7359bfbdeea17f1695a54683"}
,"/Users/tian/Desktop/Antra/unit-test-searchbook/src/components/Wishlist.js": {"path":"/Users/tian/Desktop/Antra/unit-test-searchbook/src/components/Wishlist.js","statementMap":{"0":{"start":{"line":6,"column":17},"end":{"line":17,"column":1}},"1":{"start":{"line":7,"column":15},"end":{"line":7,"column":59}},"2":{"start":{"line":7,"column":34},"end":{"line":7,"column":58}},"3":{"start":{"line":8,"column":19},"end":{"line":8,"column":32}},"4":{"start":{"line":9,"column":26},"end":{"line":11,"column":3}},"5":{"start":{"line":10,"column":4},"end":{"line":10,"column":33}},"6":{"start":{"line":12,"column":2},"end":{"line":16,"column":3}}},"fnMap":{"0":{"name":"(anonymous_0)","decl":{"start":{"line":6,"column":17},"end":{"line":6,"column":18}},"loc":{"start":{"line":6,"column":23},"end":{"line":17,"column":1}},"line":6},"1":{"name":"(anonymous_1)","decl":{"start":{"line":7,"column":27},"end":{"line":7,"column":28}},"loc":{"start":{"line":7,"column":34},"end":{"line":7,"column":58}},"line":7},"2":{"name":"(anonymous_2)","decl":{"start":{"line":9,"column":26},"end":{"line":9,"column":27}},"loc":{"start":{"line":9,"column":36},"end":{"line":11,"column":3}},"line":9}},"branchMap":{},"s":{"0":2,"1":8,"2":11,"3":8,"4":8,"5":3,"6":8},"f":{"0":8,"1":11,"2":3},"b":{},"_coverageSchema":"1a1c01bbd47fc00a2c39e90264f33305004495a9","hash":"6a0eae34ffe961eddec64f4cce01003b4fff68da"}
,"/Users/tian/Desktop/Antra/unit-test-searchbook/src/redux/slices/searchSlice.js": {"path":"/Users/tian/Desktop/Antra/unit-test-searchbook/src/redux/slices/searchSlice.js","statementMap":{"0":{"start":{"line":3,"column":26},"end":{"line":15,"column":1}},"1":{"start":{"line":7,"column":12},"end":{"line":7,"column":43}},"2":{"start":{"line":8,"column":27},"end":{"line":8,"column":28}},"3":{"start":{"line":9,"column":25},"end":{"line":11,"column":35}},"4":{"start":{"line":11,"column":24},"end":{"line":11,"column":34}},"5":{"start":{"line":12,"column":8},"end":{"line":12,"column":62}},"6":{"start":{"line":13,"column":8},"end":{"line":13,"column":24}},"7":{"start":{"line":17,"column":26},"end":{"line":28,"column":1}},"8":{"start":{"line":21,"column":12},"end":{"line":21,"column":43}},"9":{"start":{"line":22,"column":27},"end":{"line":22,"column":55}},"10":{"start":{"line":23,"column":25},"end":{"line":25,"column":35}},"11":{"start":{"line":25,"column":24},"end":{"line":25,"column":34}},"12":{"start":{"line":26,"column":8},"end":{"line":26,"column":24}},"13":{"start":{"line":30,"column":27},"end":{"line":72,"column":2}},"14":{"start":{"line":42,"column":12},"end":{"line":42,"column":43}},"15":{"start":{"line":46,"column":8},"end":{"line":70,"column":15}},"16":{"start":{"line":48,"column":16},"end":{"line":48,"column":39}},"17":{"start":{"line":51,"column":16},"end":{"line":51,"column":56}},"18":{"start":{"line":52,"column":16},"end":{"line":52,"column":40}},"19":{"start":{"line":53,"column":16},"end":{"line":53,"column":92}},"20":{"start":{"line":54,"column":16},"end":{"line":54,"column":50}},"21":{"start":{"line":57,"column":16},"end":{"line":57,"column":40}},"22":{"start":{"line":60,"column":16},"end":{"line":60,"column":39}},"23":{"start":{"line":63,"column":16},"end":{"line":63,"column":40}},"24":{"start":{"line":64,"column":16},"end":{"line":64,"column":92}},"25":{"start":{"line":65,"column":16},"end":{"line":65,"column":50}},"26":{"start":{"line":66,"column":16},"end":{"line":66,"column":52}},"27":{"start":{"line":69,"column":16},"end":{"line":69,"column":40}},"28":{"start":{"line":74,"column":30},"end":{"line":74,"column":49}}},"fnMap":{"0":{"name":"(anonymous_0)","decl":{"start":{"line":5,"column":4},"end":{"line":5,"column":5}},"loc":{"start":{"line":5,"column":27},"end":{"line":14,"column":5}},"line":5},"1":{"name":"(anonymous_1)","decl":{"start":{"line":11,"column":15},"end":{"line":11,"column":16}},"loc":{"start":{"line":11,"column":24},"end":{"line":11,"column":34}},"line":11},"2":{"name":"(anonymous_2)","decl":{"start":{"line":19,"column":4},"end":{"line":19,"column":5}},"loc":{"start":{"line":19,"column":33},"end":{"line":27,"column":5}},"line":19},"3":{"name":"(anonymous_3)","decl":{"start":{"line":25,"column":15},"end":{"line":25,"column":16}},"loc":{"start":{"line":25,"column":24},"end":{"line":25,"column":34}},"line":25},"4":{"name":"(anonymous_4)","decl":{"start":{"line":41,"column":20},"end":{"line":41,"column":21}},"loc":{"start":{"line":41,"column":39},"end":{"line":43,"column":9}},"line":41},"5":{"name":"(anonymous_5)","decl":{"start":{"line":45,"column":19},"end":{"line":45,"column":20}},"loc":{"start":{"line":45,"column":32},"end":{"line":71,"column":5}},"line":45},"6":{"name":"(anonymous_6)","decl":{"start":{"line":47,"column":41},"end":{"line":47,"column":42}},"loc":{"start":{"line":47,"column":60},"end":{"line":49,"column":13}},"line":47},"7":{"name":"(anonymous_7)","decl":{"start":{"line":50,"column":43},"end":{"line":50,"column":44}},"loc":{"start":{"line":50,"column":62},"end":{"line":55,"column":13}},"line":50},"8":{"name":"(anonymous_8)","decl":{"start":{"line":56,"column":42},"end":{"line":56,"column":43}},"loc":{"start":{"line":56,"column":61},"end":{"line":58,"column":13}},"line":56},"9":{"name":"(anonymous_9)","decl":{"start":{"line":59,"column":41},"end":{"line":59,"column":42}},"loc":{"start":{"line":59,"column":60},"end":{"line":61,"column":13}},"line":59},"10":{"name":"(anonymous_10)","decl":{"start":{"line":62,"column":43},"end":{"line":62,"column":44}},"loc":{"start":{"line":62,"column":62},"end":{"line":67,"column":13}},"line":62},"11":{"name":"(anonymous_11)","decl":{"start":{"line":68,"column":42},"end":{"line":68,"column":43}},"loc":{"start":{"line":68,"column":61},"end":{"line":70,"column":13}},"line":68}},"branchMap":{},"s":{"0":4,"1":5,"2":5,"3":5,"4":5,"5":5,"6":5,"7":4,"8":3,"9":3,"10":3,"11":3,"12":3,"13":4,"14":3,"15":4,"16":5,"17":5,"18":5,"19":5,"20":5,"21":0,"22":3,"23":3,"24":3,"25":3,"26":3,"27":0,"28":4},"f":{"0":5,"1":5,"2":3,"3":3,"4":3,"5":4,"6":5,"7":5,"8":0,"9":3,"10":3,"11":0},"b":{},"_coverageSchema":"1a1c01bbd47fc00a2c39e90264f33305004495a9","hash":"4d21d131fa0e5cf589ccfc0337b926d47dbab612"}
,"/Users/tian/Desktop/Antra/unit-test-searchbook/src/redux/slices/wishlistSlice.js": {"path":"/Users/tian/Desktop/Antra/unit-test-searchbook/src/redux/slices/wishlistSlice.js","statementMap":{"0":{"start":{"line":3,"column":29},"end":{"line":20,"column":2}},"1":{"start":{"line":10,"column":22},"end":{"line":10,"column":36}},"2":{"start":{"line":11,"column":6},"end":{"line":13,"column":7}},"3":{"start":{"line":11,"column":32},"end":{"line":11,"column":54}},"4":{"start":{"line":12,"column":9},"end":{"line":12,"column":33}},"5":{"start":{"line":16,"column":17},"end":{"line":16,"column":31}},"6":{"start":{"line":17,"column":6},"end":{"line":17,"column":57}},"7":{"start":{"line":17,"column":43},"end":{"line":17,"column":55}},"8":{"start":{"line":23,"column":39},"end":{"line":23,"column":60}}},"fnMap":{"0":{"name":"(anonymous_0)","decl":{"start":{"line":9,"column":13},"end":{"line":9,"column":14}},"loc":{"start":{"line":9,"column":32},"end":{"line":14,"column":5}},"line":9},"1":{"name":"(anonymous_1)","decl":{"start":{"line":11,"column":26},"end":{"line":11,"column":27}},"loc":{"start":{"line":11,"column":32},"end":{"line":11,"column":54}},"line":11},"2":{"name":"(anonymous_2)","decl":{"start":{"line":15,"column":16},"end":{"line":15,"column":17}},"loc":{"start":{"line":15,"column":35},"end":{"line":18,"column":5}},"line":15},"3":{"name":"(anonymous_3)","decl":{"start":{"line":17,"column":37},"end":{"line":17,"column":38}},"loc":{"start":{"line":17,"column":43},"end":{"line":17,"column":55}},"line":17}},"branchMap":{"0":{"loc":{"start":{"line":11,"column":6},"end":{"line":13,"column":7}},"type":"if","locations":[{"start":{"line":11,"column":6},"end":{"line":13,"column":7}},{"start":{},"end":{}}],"line":11}},"s":{"0":4,"1":0,"2":0,"3":0,"4":0,"5":3,"6":3,"7":5,"8":4},"f":{"0":0,"1":0,"2":3,"3":5},"b":{"0":[0,0]},"_coverageSchema":"1a1c01bbd47fc00a2c39e90264f33305004495a9","hash":"d97efba85cbb3efde49480ced23d34fd75b2fa57"}
}
