TN:
SF:src/components/Booklist.js
FN:3,(anonymous_0)
FN:8,(anonymous_1)
FN:17,(anonymous_2)
FNF:3
FNH:3
FNDA:29,(anonymous_0)
FNDA:172,(anonymous_1)
FNDA:3,(anonymous_2)
DA:3,5
DA:4,29
DA:15,172
DA:16,172
DA:17,3
LF:5
LH:5
BRDA:3,0,0,0
BRDA:8,1,0,15
BRDA:8,1,1,14
BRDA:14,2,0,168
BRDA:19,3,0,172
BRDA:19,3,1,0
BRDA:19,4,0,172
BRDA:19,4,1,168
BRDA:22,5,0,172
BRDA:22,5,1,0
BRDA:23,6,0,172
BRDA:23,6,1,172
BRDA:24,7,0,172
BRDA:24,7,1,168
BRDA:25,8,0,172
BRDA:25,8,1,168
BRF:16
BRH:13
end_of_record
TN:
SF:src/components/Layout.js
FN:7,(anonymous_0)
FNF:1
FNH:1
FNDA:2,(anonymous_0)
DA:7,1
DA:8,2
LF:2
LH:2
BRF:0
BRH:0
end_of_record
TN:
SF:src/components/Search.js
FN:16,(anonymous_0)
FN:17,(anonymous_1)
FN:18,(anonymous_2)
FN:19,(anonymous_3)
FN:20,(anonymous_4)
FN:22,(anonymous_5)
FN:27,(anonymous_6)
FN:33,(anonymous_7)
FN:40,(anonymous_8)
FN:47,(anonymous_9)
FN:50,(anonymous_10)
FN:53,(anonymous_11)
FN:57,(anonymous_12)
FN:61,(anonymous_13)
FNF:14
FNH:11
FNDA:28,(anonymous_0)
FNDA:47,(anonymous_1)
FNDA:47,(anonymous_2)
FNDA:47,(anonymous_3)
FNDA:47,(anonymous_4)
FNDA:47,(anonymous_5)
FNDA:0,(anonymous_6)
FNDA:0,(anonymous_7)
FNDA:11,(anonymous_8)
FNDA:3,(anonymous_9)
FNDA:5,(anonymous_10)
FNDA:0,(anonymous_11)
FNDA:1,(anonymous_12)
FNDA:2,(anonymous_13)
DA:16,3
DA:17,47
DA:18,47
DA:19,47
DA:20,47
DA:21,28
DA:22,47
DA:27,28
DA:30,28
DA:32,28
DA:34,0
DA:35,0
DA:40,28
DA:41,11
DA:42,6
DA:43,6
DA:47,28
DA:48,3
DA:50,28
DA:51,5
DA:53,28
DA:54,0
DA:57,28
DA:58,1
DA:59,1
DA:61,28
DA:62,2
DA:63,2
DA:65,28
LF:29
LH:26
BRDA:41,0,0,5
BRDA:41,0,1,6
BRDA:58,1,0,0
BRDA:58,1,1,1
BRDA:62,2,0,0
BRDA:62,2,1,2
BRDA:71,3,0,8
BRDA:71,3,1,20
BRF:8
BRH:6
end_of_record
TN:
SF:src/components/Wishlist.js
FN:6,(anonymous_0)
FN:7,(anonymous_1)
FN:9,(anonymous_2)
FNF:3
FNH:3
FNDA:8,(anonymous_0)
FNDA:11,(anonymous_1)
FNDA:3,(anonymous_2)
DA:6,2
DA:7,11
DA:8,8
DA:9,8
DA:10,3
DA:12,8
LF:6
LH:6
BRF:0
BRH:0
end_of_record
TN:
SF:src/redux/slices/searchSlice.js
FN:5,(anonymous_0)
FN:11,(anonymous_1)
FN:19,(anonymous_2)
FN:25,(anonymous_3)
FN:41,(anonymous_4)
FN:45,(anonymous_5)
FN:47,(anonymous_6)
FN:50,(anonymous_7)
FN:56,(anonymous_8)
FN:59,(anonymous_9)
FN:62,(anonymous_10)
FN:68,(anonymous_11)
FNF:12
FNH:10
FNDA:5,(anonymous_0)
FNDA:5,(anonymous_1)
FNDA:3,(anonymous_2)
FNDA:3,(anonymous_3)
FNDA:3,(anonymous_4)
FNDA:4,(anonymous_5)
FNDA:5,(anonymous_6)
FNDA:5,(anonymous_7)
FNDA:0,(anonymous_8)
FNDA:3,(anonymous_9)
FNDA:3,(anonymous_10)
FNDA:0,(anonymous_11)
DA:3,4
DA:7,5
DA:8,5
DA:9,5
DA:11,5
DA:12,5
DA:13,5
DA:17,4
DA:21,3
DA:22,3
DA:23,3
DA:25,3
DA:26,3
DA:30,4
DA:42,3
DA:46,4
DA:48,5
DA:51,5
DA:52,5
DA:53,5
DA:54,5
DA:57,0
DA:60,3
DA:63,3
DA:64,3
DA:65,3
DA:66,3
DA:69,0
DA:74,4
LF:29
LH:27
BRF:0
BRH:0
end_of_record
TN:
SF:src/redux/slices/wishlistSlice.js
FN:9,(anonymous_0)
FN:11,(anonymous_1)
FN:15,(anonymous_2)
FN:17,(anonymous_3)
FNF:4
FNH:2
FNDA:0,(anonymous_0)
FNDA:0,(anonymous_1)
FNDA:3,(anonymous_2)
FNDA:5,(anonymous_3)
DA:3,4
DA:10,0
DA:11,0
DA:12,0
DA:16,3
DA:17,5
DA:23,4
LF:7
LH:4
BRDA:11,0,0,0
BRDA:11,0,1,0
BRF:2
BRH:0
end_of_record
